<?xml version="1.0" encoding="UTF-8"?>
<testng-results ignored="0" total="1" passed="1" failed="0" skipped="0">
  <reporter-output>
  </reporter-output>
  <suite started-at="2024-04-13T20:50:26 AMT" name="Surefire suite" finished-at="2024-04-13T20:50:50 AMT" duration-ms="23521">
    <groups>
    </groups>
    <test started-at="2024-04-13T20:50:26 AMT" name="Surefire test" finished-at="2024-04-13T20:50:50 AMT" duration-ms="23521">
      <class name="tests.LumaOrderTest">
        <test-method is-config="true" signature="setUp()[pri:0, instance:tests.LumaOrderTest@1372ed45]" started-at="2024-04-13T20:50:26 AMT" name="setUp" finished-at="2024-04-13T20:50:28 AMT" duration-ms="1391" status="PASS">
          <reporter-output>
          </reporter-output>
        </test-method> <!-- setUp -->
        <test-method signature="basicOrderTest()[pri:0, instance:tests.LumaOrderTest@1372ed45]" started-at="2024-04-13T20:50:28 AMT" name="basicOrderTest" finished-at="2024-04-13T20:50:49 AMT" duration-ms="21930" status="PASS">
          <reporter-output>
          </reporter-output>
        </test-method> <!-- basicOrderTest -->
        <test-method is-config="true" signature="tearDown()[pri:0, instance:tests.LumaOrderTest@1372ed45]" started-at="2024-04-13T20:50:49 AMT" name="tearDown" finished-at="2024-04-13T20:50:50 AMT" duration-ms="180" status="PASS">
          <reporter-output>
          </reporter-output>
        </test-method> <!-- tearDown -->
      </class> <!-- tests.LumaOrderTest -->
    </test> <!-- Surefire test -->
  </suite> <!-- Surefire suite -->
</testng-results>
